<?xml version="1.0" encoding="UTF-8"?>
<testsuite name="TestCalculator" tests="2" skipped="0" failures="0" errors="0" timestamp="2020-02-19T12:18:09" hostname="admin1-ThinkCentre-M72e" time="0.002">
  <properties/>
  <testcase name="testMultiplication" classname="TestCalculator" time="0.001"/>
  <testcase name="testAddition" classname="TestCalculator" time="0.0"/>
  <system-out><![CDATA[]]></system-out>
  <system-err><![CDATA[]]></system-err>
</testsuite>
